MONGODB [DEBUG] Logging level is currently :debug which could negatively impact client-side performance. You should set your logging level no lower than :info in production.
MONGODB (0.7ms) admin['$cmd'].find({:ismaster=>1}).limit(-1)
MONGODB [DEBUG] Logging level is currently :debug which could negatively impact client-side performance. You should set your logging level no lower than :info in production.
MONGODB (1.0ms) admin['$cmd'].find({:ismaster=>1}).limit(-1)
MONGODB [DEBUG] Logging level is currently :debug which could negatively impact client-side performance. You should set your logging level no lower than :info in production.
MONGODB (0.8ms) admin['$cmd'].find({:ismaster=>1}).limit(-1)
MONGODB [DEBUG] Logging level is currently :debug which could negatively impact client-side performance. You should set your logging level no lower than :info in production.
MONGODB (0.9ms) admin['$cmd'].find({:ismaster=>1}).limit(-1)
MONGODB [DEBUG] Logging level is currently :debug which could negatively impact client-side performance. You should set your logging level no lower than :info in production.
MONGODB (0.9ms) admin['$cmd'].find({:ismaster=>1}).limit(-1)
MONGODB [DEBUG] Logging level is currently :debug which could negatively impact client-side performance. You should set your logging level no lower than :info in production.
MONGODB (0.8ms) admin['$cmd'].find({:ismaster=>1}).limit(-1)
MONGODB [DEBUG] Logging level is currently :debug which could negatively impact client-side performance. You should set your logging level no lower than :info in production.
MONGODB (15.8ms) admin['$cmd'].find({:ismaster=>1}).limit(-1)


Started GET "/assets/rails.png" for 127.0.0.1 at 2013-04-10 09:23:40 -0700
Served asset /rails.png - 200 OK (405ms)


Started GET "/blogs" for 127.0.0.1 at 2013-04-10 09:23:46 -0700

ActionController::RoutingError (uninitialized constant Blog::Text):
  app/models/blog.rb:5:in `<class:Blog>'
  app/models/blog.rb:1:in `<top (required)>'
  app/controllers/blogs_controller.rb:1:in `<top (required)>'


  Rendered /home/fyt/.rvm/gems/ruby-1.9.3-p362/gems/actionpack-3.2.6/lib/action_dispatch/middleware/templates/rescues/routing_error.erb within rescues/layout (33.5ms)


Started GET "/blogs" for 127.0.0.1 at 2013-04-10 09:24:40 -0700

NoMethodError (undefined method `key?' for nil:NilClass):
  actionpack (3.2.6) lib/action_controller/metal/hide_actions.rb:36:in `visible_action?'
  actionpack (3.2.6) lib/action_controller/metal/hide_actions.rb:18:in `method_for_action'
  actionpack (3.2.6) lib/action_controller/metal/implicit_render.rb:14:in `method_for_action'
  actionpack (3.2.6) lib/action_controller/metal/compatibility.rb:61:in `method_for_action'
  actionpack (3.2.6) lib/abstract_controller/base.rb:115:in `process'
  actionpack (3.2.6) lib/abstract_controller/rendering.rb:45:in `process'
  actionpack (3.2.6) lib/action_controller/metal.rb:203:in `dispatch'
  actionpack (3.2.6) lib/action_controller/metal/rack_delegation.rb:14:in `dispatch'
  actionpack (3.2.6) lib/action_controller/metal.rb:246:in `block in action'
  actionpack (3.2.6) lib/action_dispatch/routing/route_set.rb:73:in `call'
  actionpack (3.2.6) lib/action_dispatch/routing/route_set.rb:73:in `dispatch'
  actionpack (3.2.6) lib/action_dispatch/routing/route_set.rb:36:in `call'
  journey (1.0.4) lib/journey/router.rb:68:in `block in call'
  journey (1.0.4) lib/journey/router.rb:56:in `each'
  journey (1.0.4) lib/journey/router.rb:56:in `call'
  actionpack (3.2.6) lib/action_dispatch/routing/route_set.rb:600:in `call'
  actionpack (3.2.6) lib/action_dispatch/middleware/best_standards_support.rb:17:in `call'
  rack (1.4.3) lib/rack/etag.rb:23:in `call'
  rack (1.4.3) lib/rack/conditionalget.rb:25:in `call'
  actionpack (3.2.6) lib/action_dispatch/middleware/head.rb:14:in `call'
  actionpack (3.2.6) lib/action_dispatch/middleware/params_parser.rb:21:in `call'
  actionpack (3.2.6) lib/action_dispatch/middleware/flash.rb:242:in `call'
  rack (1.4.3) lib/rack/session/abstract/id.rb:210:in `context'
  rack (1.4.3) lib/rack/session/abstract/id.rb:205:in `call'
  actionpack (3.2.6) lib/action_dispatch/middleware/cookies.rb:338:in `call'
  actionpack (3.2.6) lib/action_dispatch/middleware/callbacks.rb:28:in `block in call'
  activesupport (3.2.6) lib/active_support/callbacks.rb:405:in `_run__750505545__call__236668653__callbacks'
  activesupport (3.2.6) lib/active_support/callbacks.rb:405:in `__run_callback'
  activesupport (3.2.6) lib/active_support/callbacks.rb:385:in `_run_call_callbacks'
  activesupport (3.2.6) lib/active_support/callbacks.rb:81:in `run_callbacks'
  actionpack (3.2.6) lib/action_dispatch/middleware/callbacks.rb:27:in `call'
  actionpack (3.2.6) lib/action_dispatch/middleware/reloader.rb:65:in `call'
  actionpack (3.2.6) lib/action_dispatch/middleware/remote_ip.rb:31:in `call'
  actionpack (3.2.6) lib/action_dispatch/middleware/debug_exceptions.rb:16:in `call'
  actionpack (3.2.6) lib/action_dispatch/middleware/show_exceptions.rb:56:in `call'
  railties (3.2.6) lib/rails/rack/logger.rb:26:in `call_app'
  railties (3.2.6) lib/rails/rack/logger.rb:16:in `call'
  actionpack (3.2.6) lib/action_dispatch/middleware/request_id.rb:22:in `call'
  rack (1.4.3) lib/rack/methodoverride.rb:21:in `call'
  rack (1.4.3) lib/rack/runtime.rb:17:in `call'
  activesupport (3.2.6) lib/active_support/cache/strategy/local_cache.rb:72:in `call'
  rack (1.4.3) lib/rack/lock.rb:15:in `call'
  actionpack (3.2.6) lib/action_dispatch/middleware/static.rb:62:in `call'
  railties (3.2.6) lib/rails/engine.rb:479:in `call'
  railties (3.2.6) lib/rails/application.rb:220:in `call'
  rack (1.4.3) lib/rack/content_length.rb:14:in `call'
  railties (3.2.6) lib/rails/rack/log_tailer.rb:17:in `call'
  rack (1.4.3) lib/rack/handler/webrick.rb:59:in `service'
  /home/fyt/.rvm/rubies/ruby-1.9.3-p362/lib/ruby/1.9.1/webrick/httpserver.rb:138:in `service'
  /home/fyt/.rvm/rubies/ruby-1.9.3-p362/lib/ruby/1.9.1/webrick/httpserver.rb:94:in `run'
  /home/fyt/.rvm/rubies/ruby-1.9.3-p362/lib/ruby/1.9.1/webrick/server.rb:191:in `block in start_thread'


  Rendered /home/fyt/.rvm/gems/ruby-1.9.3-p362/gems/actionpack-3.2.6/lib/action_dispatch/middleware/templates/rescues/_trace.erb (11.2ms)
  Rendered /home/fyt/.rvm/gems/ruby-1.9.3-p362/gems/actionpack-3.2.6/lib/action_dispatch/middleware/templates/rescues/_request_and_response.erb (23.3ms)
  Rendered /home/fyt/.rvm/gems/ruby-1.9.3-p362/gems/actionpack-3.2.6/lib/action_dispatch/middleware/templates/rescues/diagnostics.erb within rescues/layout (79.2ms)


Started GET "/blogs" for 127.0.0.1 at 2013-04-10 09:24:46 -0700

NoMethodError (undefined method `key?' for nil:NilClass):
  actionpack (3.2.6) lib/action_controller/metal/hide_actions.rb:36:in `visible_action?'
  actionpack (3.2.6) lib/action_controller/metal/hide_actions.rb:18:in `method_for_action'
  actionpack (3.2.6) lib/action_controller/metal/implicit_render.rb:14:in `method_for_action'
  actionpack (3.2.6) lib/action_controller/metal/compatibility.rb:61:in `method_for_action'
  actionpack (3.2.6) lib/abstract_controller/base.rb:115:in `process'
  actionpack (3.2.6) lib/abstract_controller/rendering.rb:45:in `process'
  actionpack (3.2.6) lib/action_controller/metal.rb:203:in `dispatch'
  actionpack (3.2.6) lib/action_controller/metal/rack_delegation.rb:14:in `dispatch'
  actionpack (3.2.6) lib/action_controller/metal.rb:246:in `block in action'
  actionpack (3.2.6) lib/action_dispatch/routing/route_set.rb:73:in `call'
  actionpack (3.2.6) lib/action_dispatch/routing/route_set.rb:73:in `dispatch'
  actionpack (3.2.6) lib/action_dispatch/routing/route_set.rb:36:in `call'
  journey (1.0.4) lib/journey/router.rb:68:in `block in call'
  journey (1.0.4) lib/journey/router.rb:56:in `each'
  journey (1.0.4) lib/journey/router.rb:56:in `call'
  actionpack (3.2.6) lib/action_dispatch/routing/route_set.rb:600:in `call'
  actionpack (3.2.6) lib/action_dispatch/middleware/best_standards_support.rb:17:in `call'
  rack (1.4.3) lib/rack/etag.rb:23:in `call'
  rack (1.4.3) lib/rack/conditionalget.rb:25:in `call'
  actionpack (3.2.6) lib/action_dispatch/middleware/head.rb:14:in `call'
  actionpack (3.2.6) lib/action_dispatch/middleware/params_parser.rb:21:in `call'
  actionpack (3.2.6) lib/action_dispatch/middleware/flash.rb:242:in `call'
  rack (1.4.3) lib/rack/session/abstract/id.rb:210:in `context'
  rack (1.4.3) lib/rack/session/abstract/id.rb:205:in `call'
  actionpack (3.2.6) lib/action_dispatch/middleware/cookies.rb:338:in `call'
  actionpack (3.2.6) lib/action_dispatch/middleware/callbacks.rb:28:in `block in call'
  activesupport (3.2.6) lib/active_support/callbacks.rb:405:in `_run__750505545__call__236668653__callbacks'
  activesupport (3.2.6) lib/active_support/callbacks.rb:405:in `__run_callback'
  activesupport (3.2.6) lib/active_support/callbacks.rb:385:in `_run_call_callbacks'
  activesupport (3.2.6) lib/active_support/callbacks.rb:81:in `run_callbacks'
  actionpack (3.2.6) lib/action_dispatch/middleware/callbacks.rb:27:in `call'
  actionpack (3.2.6) lib/action_dispatch/middleware/reloader.rb:65:in `call'
  actionpack (3.2.6) lib/action_dispatch/middleware/remote_ip.rb:31:in `call'
  actionpack (3.2.6) lib/action_dispatch/middleware/debug_exceptions.rb:16:in `call'
  actionpack (3.2.6) lib/action_dispatch/middleware/show_exceptions.rb:56:in `call'
  railties (3.2.6) lib/rails/rack/logger.rb:26:in `call_app'
  railties (3.2.6) lib/rails/rack/logger.rb:16:in `call'
  actionpack (3.2.6) lib/action_dispatch/middleware/request_id.rb:22:in `call'
  rack (1.4.3) lib/rack/methodoverride.rb:21:in `call'
  rack (1.4.3) lib/rack/runtime.rb:17:in `call'
  activesupport (3.2.6) lib/active_support/cache/strategy/local_cache.rb:72:in `call'
  rack (1.4.3) lib/rack/lock.rb:15:in `call'
  actionpack (3.2.6) lib/action_dispatch/middleware/static.rb:62:in `call'
  railties (3.2.6) lib/rails/engine.rb:479:in `call'
  railties (3.2.6) lib/rails/application.rb:220:in `call'
  rack (1.4.3) lib/rack/content_length.rb:14:in `call'
  railties (3.2.6) lib/rails/rack/log_tailer.rb:17:in `call'
  rack (1.4.3) lib/rack/handler/webrick.rb:59:in `service'
  /home/fyt/.rvm/rubies/ruby-1.9.3-p362/lib/ruby/1.9.1/webrick/httpserver.rb:138:in `service'
  /home/fyt/.rvm/rubies/ruby-1.9.3-p362/lib/ruby/1.9.1/webrick/httpserver.rb:94:in `run'
  /home/fyt/.rvm/rubies/ruby-1.9.3-p362/lib/ruby/1.9.1/webrick/server.rb:191:in `block in start_thread'


  Rendered /home/fyt/.rvm/gems/ruby-1.9.3-p362/gems/actionpack-3.2.6/lib/action_dispatch/middleware/templates/rescues/_trace.erb (8.2ms)
  Rendered /home/fyt/.rvm/gems/ruby-1.9.3-p362/gems/actionpack-3.2.6/lib/action_dispatch/middleware/templates/rescues/_request_and_response.erb (5.4ms)
  Rendered /home/fyt/.rvm/gems/ruby-1.9.3-p362/gems/actionpack-3.2.6/lib/action_dispatch/middleware/templates/rescues/diagnostics.erb within rescues/layout (34.3ms)
MONGODB [DEBUG] Logging level is currently :debug which could negatively impact client-side performance. You should set your logging level no lower than :info in production.
MONGODB (56.8ms) admin['$cmd'].find({:ismaster=>1}).limit(-1)

ActionController::RoutingError (uninitialized constant Blog::Text):
  app/models/blog.rb:5:in `<class:Blog>'
  app/models/blog.rb:1:in `<top (required)>'
  app/controllers/blogs_controller.rb:1:in `<top (required)>'


  Rendered /home/fyt/.rvm/gems/ruby-1.9.3-p362/gems/actionpack-3.2.6/lib/action_dispatch/middleware/templates/rescues/routing_error.erb within rescues/layout (25.9ms)


Started GET "/blogs" for 127.0.0.1 at 2013-04-11 08:04:06 -0700

NoMethodError (undefined method `key?' for nil:NilClass):
  actionpack (3.2.6) lib/action_controller/metal/hide_actions.rb:36:in `visible_action?'
  actionpack (3.2.6) lib/action_controller/metal/hide_actions.rb:18:in `method_for_action'
  actionpack (3.2.6) lib/action_controller/metal/implicit_render.rb:14:in `method_for_action'
  actionpack (3.2.6) lib/action_controller/metal/compatibility.rb:61:in `method_for_action'
  actionpack (3.2.6) lib/abstract_controller/base.rb:115:in `process'
  actionpack (3.2.6) lib/abstract_controller/rendering.rb:45:in `process'
  actionpack (3.2.6) lib/action_controller/metal.rb:203:in `dispatch'
  actionpack (3.2.6) lib/action_controller/metal/rack_delegation.